2026-05-06 01:39:23,676 INFO c.i.b.BanktransactionApplication [main] Starting BanktransactionApplication using Java 17.0.1 with PID 5520 (D:\Study\Java\Projects\isolve\BankTransaction\target\classes started by Venkatesh in D:\Study\Java\Projects\isolve\BankTransaction)
2026-05-06 01:39:23,687 INFO c.i.b.BanktransactionApplication [main] No active profile set, falling back to 1 default profile: "default"
2026-05-06 01:39:24,293 INFO o.s.d.r.c.RepositoryConfigurationDelegate [main] Bootstrapping Spring Data JDBC repositories in DEFAULT mode.
2026-05-06 01:39:24,324 INFO o.s.d.r.c.RepositoryConfigurationDelegate [main] Finished Spring Data repository scanning in 16 ms. Found 0 JDBC repository interfaces.
2026-05-06 01:39:24,827 INFO o.s.b.t.TomcatWebServer [main] Tomcat initialized with port 8080 (http)
2026-05-06 01:39:24,886 INFO o.s.b.w.c.s.WebApplicationContextInitializer [main] Root WebApplicationContext: initialization completed in 1146 ms
2026-05-06 01:39:25,235 INFO c.i.b.c.ConnectionConfig$$SpringCGLIB$$0 [main] Connection Successfully...!
2026-05-06 01:39:25,744 INFO o.s.b.t.TomcatWebServer [main] Tomcat started on port 8080 (http) with context path '/'
2026-05-06 01:39:25,751 INFO c.i.b.BanktransactionApplication [main] Started BanktransactionApplication in 2.447 seconds (process running for 3.328)
2026-05-06 01:54:34,876 INFO c.i.b.BanktransactionApplication [main] Starting BanktransactionApplication using Java 17.0.1 with PID 23164 (D:\Study\Java\Projects\isolve\BankTransaction\target\classes started by Venkatesh in D:\Study\Java\Projects\isolve\BankTransaction)
2026-05-06 01:54:34,889 INFO c.i.b.BanktransactionApplication [main] No active profile set, falling back to 1 default profile: "default"
2026-05-06 01:54:35,500 INFO o.s.d.r.c.RepositoryConfigurationDelegate [main] Bootstrapping Spring Data JDBC repositories in DEFAULT mode.
2026-05-06 01:54:35,528 INFO o.s.d.r.c.RepositoryConfigurationDelegate [main] Finished Spring Data repository scanning in 17 ms. Found 0 JDBC repository interfaces.
2026-05-06 01:54:36,034 INFO o.s.b.t.TomcatWebServer [main] Tomcat initialized with port 8080 (http)
2026-05-06 01:54:36,091 INFO o.s.b.w.c.s.WebApplicationContextInitializer [main] Root WebApplicationContext: initialization completed in 1146 ms
2026-05-06 01:54:36,943 INFO o.s.b.t.TomcatWebServer [main] Tomcat started on port 8080 (http) with context path '/'
2026-05-06 01:54:36,950 INFO c.i.b.BanktransactionApplication [main] Started BanktransactionApplication in 2.474 seconds (process running for 3.261)
2026-05-06 01:54:54,673 INFO o.s.w.s.DispatcherServlet [http-nio-8080-exec-4] Initializing Servlet 'dispatcherServlet'
2026-05-06 01:54:54,675 INFO o.s.w.s.DispatcherServlet [http-nio-8080-exec-4] Completed initialization in 2 ms
2026-05-06 01:54:54,851 ERROR c.i.b.s.CustomerServiceImpl [http-nio-8080-exec-4] create Customer=> This Account No Already Exists...!
2026-05-06 01:55:14,390 INFO c.i.b.s.CustomerServiceImpl [http-nio-8080-exec-3] Create Customer=> CustomerId CUS5 Created Successfully
2026-05-06 02:00:39,912 INFO c.i.b.BanktransactionApplication [main] Starting BanktransactionApplication using Java 17.0.1 with PID 25124 (D:\Study\Java\Projects\isolve\BankTransaction\target\classes started by Venkatesh in D:\Study\Java\Projects\isolve\BankTransaction)
2026-05-06 02:00:39,922 INFO c.i.b.BanktransactionApplication [main] No active profile set, falling back to 1 default profile: "default"
2026-05-06 02:00:40,475 INFO o.s.d.r.c.RepositoryConfigurationDelegate [main] Bootstrapping Spring Data JDBC repositories in DEFAULT mode.
2026-05-06 02:00:40,504 INFO o.s.d.r.c.RepositoryConfigurationDelegate [main] Finished Spring Data repository scanning in 16 ms. Found 0 JDBC repository interfaces.
2026-05-06 02:00:40,991 INFO o.s.b.t.TomcatWebServer [main] Tomcat initialized with port 8080 (http)
2026-05-06 02:00:41,051 INFO o.s.b.w.c.s.WebApplicationContextInitializer [main] Root WebApplicationContext: initialization completed in 1083 ms
2026-05-06 02:00:41,116 WARN o.s.b.w.s.s.c.AnnotationConfigServletWebServerApplicationContext [main] Exception encountered during context initialization - cancelling refresh attempt: org.springframework.beans.factory.BeanCreationException: Error creating bean with name 'transaction' defined in file [D:\Study\Java\Projects\isolve\BankTransaction\target\classes\com\isolve\banktransaction\common\Transaction.class]: Failed to instantiate [com.isolve.banktransaction.common.Transaction]: No default constructor found
2026-05-06 02:00:41,142 INFO o.s.b.a.l.ConditionEvaluationReportLogger [main] 

Error starting ApplicationContext. To display the condition evaluation report re-run your application with 'debug' enabled.
2026-05-06 02:00:41,158 ERROR o.s.b.SpringApplication [main] Application run failed
org.springframework.beans.factory.BeanCreationException: Error creating bean with name 'transaction' defined in file [D:\Study\Java\Projects\isolve\BankTransaction\target\classes\com\isolve\banktransaction\common\Transaction.class]: Failed to instantiate [com.isolve.banktransaction.common.Transaction]: No default constructor found
	at org.springframework.beans.factory.support.AbstractAutowireCapableBeanFactory.instantiateBean(AbstractAutowireCapableBeanFactory.java:1344)
	at org.springframework.beans.factory.support.AbstractAutowireCapableBeanFactory.createBeanInstance(AbstractAutowireCapableBeanFactory.java:1231)
	at org.springframework.beans.factory.support.AbstractAutowireCapableBeanFactory.doCreateBean(AbstractAutowireCapableBeanFactory.java:565)
	at org.springframework.beans.factory.support.AbstractAutowireCapableBeanFactory.createBean(AbstractAutowireCapableBeanFactory.java:525)
	at org.springframework.beans.factory.support.AbstractBeanFactory.lambda$doGetBean$0(AbstractBeanFactory.java:333)
	at org.springframework.beans.factory.support.DefaultSingletonBeanRegistry.getSingleton(DefaultSingletonBeanRegistry.java:371)
	at org.springframework.beans.factory.support.AbstractBeanFactory.doGetBean(AbstractBeanFactory.java:331)
	at org.springframework.beans.factory.support.AbstractBeanFactory.getBean(AbstractBeanFactory.java:196)
	at org.springframework.beans.factory.support.DefaultListableBeanFactory.instantiateSingleton(DefaultListableBeanFactory.java:1218)
	at org.springframework.beans.factory.support.DefaultListableBeanFactory.preInstantiateSingleton(DefaultListableBeanFactory.java:1184)
	at org.springframework.beans.factory.support.DefaultListableBeanFactory.preInstantiateSingletons(DefaultListableBeanFactory.java:1121)
	at org.springframework.context.support.AbstractApplicationContext.finishBeanFactoryInitialization(AbstractApplicationContext.java:994)
	at org.springframework.context.support.AbstractApplicationContext.refresh(AbstractApplicationContext.java:621)
	at org.springframework.boot.web.server.servlet.context.ServletWebServerApplicationContext.refresh(ServletWebServerApplicationContext.java:143)
	at org.springframework.boot.SpringApplication.refresh(SpringApplication.java:756)
	at org.springframework.boot.SpringApplication.refreshContext(SpringApplication.java:445)
	at org.springframework.boot.SpringApplication.run(SpringApplication.java:321)
	at org.springframework.boot.SpringApplication.run(SpringApplication.java:1365)
	at org.springframework.boot.SpringApplication.run(SpringApplication.java:1354)
	at com.isolve.banktransaction.BanktransactionApplication.main(BanktransactionApplication.java:12)
Caused by: org.springframework.beans.BeanInstantiationException: Failed to instantiate [com.isolve.banktransaction.common.Transaction]: No default constructor found
	at org.springframework.beans.factory.support.SimpleInstantiationStrategy.instantiate(SimpleInstantiationStrategy.java:102)
	at org.springframework.beans.factory.support.AbstractAutowireCapableBeanFactory.instantiateBean(AbstractAutowireCapableBeanFactory.java:1338)
	... 19 more
Caused by: java.lang.NoSuchMethodException: com.isolve.banktransaction.common.Transaction.<init>()
	at java.base/java.lang.Class.getConstructor0(Class.java:3585)
	at java.base/java.lang.Class.getDeclaredConstructor(Class.java:2754)
	at org.springframework.beans.factory.support.SimpleInstantiationStrategy.instantiate(SimpleInstantiationStrategy.java:98)
	... 20 more
2026-05-06 02:01:17,630 INFO c.i.b.BanktransactionApplication [main] Starting BanktransactionApplication using Java 17.0.1 with PID 14388 (D:\Study\Java\Projects\isolve\BankTransaction\target\classes started by Venkatesh in D:\Study\Java\Projects\isolve\BankTransaction)
2026-05-06 02:01:17,639 INFO c.i.b.BanktransactionApplication [main] No active profile set, falling back to 1 default profile: "default"
2026-05-06 02:01:18,224 INFO o.s.d.r.c.RepositoryConfigurationDelegate [main] Bootstrapping Spring Data JDBC repositories in DEFAULT mode.
2026-05-06 02:01:18,245 INFO o.s.d.r.c.RepositoryConfigurationDelegate [main] Finished Spring Data repository scanning in 14 ms. Found 0 JDBC repository interfaces.
2026-05-06 02:01:18,721 INFO o.s.b.t.TomcatWebServer [main] Tomcat initialized with port 8080 (http)
2026-05-06 02:01:18,780 INFO o.s.b.w.c.s.WebApplicationContextInitializer [main] Root WebApplicationContext: initialization completed in 1093 ms
2026-05-06 02:01:19,632 INFO o.s.b.t.TomcatWebServer [main] Tomcat started on port 8080 (http) with context path '/'
2026-05-06 02:01:19,639 INFO c.i.b.BanktransactionApplication [main] Started BanktransactionApplication in 2.399 seconds (process running for 3.268)
2026-05-06 02:01:32,126 INFO o.s.w.s.DispatcherServlet [http-nio-8080-exec-2] Initializing Servlet 'dispatcherServlet'
2026-05-06 02:01:32,128 INFO o.s.w.s.DispatcherServlet [http-nio-8080-exec-2] Completed initialization in 2 ms
2026-05-06 02:01:32,274 ERROR c.i.b.s.CustomerServiceImpl [http-nio-8080-exec-2] create Customer=> This Account No Already Exists...!
2026-05-06 02:02:04,090 INFO c.i.b.s.CustomerServiceImpl [http-nio-8080-exec-5] Create Customer=> CustomerId CUS6 Created Successfully
2026-05-06 02:02:57,812 INFO c.i.b.BanktransactionApplication [main] Starting BanktransactionApplication using Java 17.0.1 with PID 25960 (D:\Study\Java\Projects\isolve\BankTransaction\target\classes started by Venkatesh in D:\Study\Java\Projects\isolve\BankTransaction)
2026-05-06 02:02:57,822 INFO c.i.b.BanktransactionApplication [main] No active profile set, falling back to 1 default profile: "default"
2026-05-06 02:02:58,361 INFO o.s.d.r.c.RepositoryConfigurationDelegate [main] Bootstrapping Spring Data JDBC repositories in DEFAULT mode.
2026-05-06 02:02:58,387 INFO o.s.d.r.c.RepositoryConfigurationDelegate [main] Finished Spring Data repository scanning in 15 ms. Found 0 JDBC repository interfaces.
2026-05-06 02:02:58,853 INFO o.s.b.t.TomcatWebServer [main] Tomcat initialized with port 8080 (http)
2026-05-06 02:02:58,908 INFO o.s.b.w.c.s.WebApplicationContextInitializer [main] Root WebApplicationContext: initialization completed in 1043 ms
2026-05-06 02:02:59,732 INFO o.s.b.t.TomcatWebServer [main] Tomcat started on port 8080 (http) with context path '/'
2026-05-06 02:02:59,742 INFO c.i.b.BanktransactionApplication [main] Started BanktransactionApplication in 2.288 seconds (process running for 3.152)
2026-05-06 02:03:47,290 INFO o.s.w.s.DispatcherServlet [http-nio-8080-exec-3] Initializing Servlet 'dispatcherServlet'
2026-05-06 02:03:47,293 INFO o.s.w.s.DispatcherServlet [http-nio-8080-exec-3] Completed initialization in 1 ms
2026-05-06 02:03:47,545 INFO c.i.b.s.TransactionServiceImpl [http-nio-8080-exec-3] Save Transaction=> Transaction Completed Successfully 
 Account No :A000002 
 Amount : 2000.0
2026-05-06 07:50:40,877 INFO c.i.b.BanktransactionApplication [main] Starting BanktransactionApplication using Java 17.0.1 with PID 7256 (D:\Study\Java\Projects\isolve\BankTransaction\target\classes started by Venkatesh in D:\Study\Java\Projects\isolve\BankTransaction)
2026-05-06 07:50:40,889 INFO c.i.b.BanktransactionApplication [main] No active profile set, falling back to 1 default profile: "default"
2026-05-06 07:50:41,777 INFO o.s.d.r.c.RepositoryConfigurationDelegate [main] Bootstrapping Spring Data JDBC repositories in DEFAULT mode.
2026-05-06 07:50:41,854 INFO o.s.d.r.c.RepositoryConfigurationDelegate [main] Finished Spring Data repository scanning in 45 ms. Found 0 JDBC repository interfaces.
2026-05-06 07:50:42,566 INFO o.s.b.t.TomcatWebServer [main] Tomcat initialized with port 8080 (http)
2026-05-06 07:50:42,652 INFO o.s.b.w.c.s.WebApplicationContextInitializer [main] Root WebApplicationContext: initialization completed in 1694 ms
2026-05-06 07:50:43,759 INFO o.s.b.t.TomcatWebServer [main] Tomcat started on port 8080 (http) with context path '/'
2026-05-06 07:50:43,766 INFO c.i.b.BanktransactionApplication [main] Started BanktransactionApplication in 3.431 seconds (process running for 5.01)
2026-05-06 07:51:17,612 INFO o.s.w.s.DispatcherServlet [http-nio-8080-exec-2] Initializing Servlet 'dispatcherServlet'
2026-05-06 07:51:17,629 INFO o.s.w.s.DispatcherServlet [http-nio-8080-exec-2] Completed initialization in 5 ms
2026-05-06 11:23:21,325 INFO c.i.b.BanktransactionApplication [main] Starting BanktransactionApplication using Java 17.0.1 with PID 21508 (D:\Study\Java\Projects\isolve\BankTransaction\target\classes started by Venkatesh in D:\Study\Java\Projects\isolve\BankTransaction)
2026-05-06 11:23:21,337 INFO c.i.b.BanktransactionApplication [main] No active profile set, falling back to 1 default profile: "default"
2026-05-06 11:23:22,220 INFO o.s.d.r.c.RepositoryConfigurationDelegate [main] Bootstrapping Spring Data JDBC repositories in DEFAULT mode.
2026-05-06 11:23:22,277 INFO o.s.d.r.c.RepositoryConfigurationDelegate [main] Finished Spring Data repository scanning in 42 ms. Found 0 JDBC repository interfaces.
2026-05-06 11:23:22,986 INFO o.s.b.t.TomcatWebServer [main] Tomcat initialized with port 8080 (http)
2026-05-06 11:23:23,095 INFO o.s.b.w.c.s.WebApplicationContextInitializer [main] Root WebApplicationContext: initialization completed in 1689 ms
2026-05-06 11:23:24,317 INFO o.s.b.t.TomcatWebServer [main] Tomcat started on port 8080 (http) with context path '/'
2026-05-06 11:23:24,328 INFO c.i.b.BanktransactionApplication [main] Started BanktransactionApplication in 3.616 seconds (process running for 5.26)
2026-05-06 11:36:17,380 INFO o.s.w.s.DispatcherServlet [http-nio-8080-exec-1] Initializing Servlet 'dispatcherServlet'
2026-05-06 11:36:17,382 INFO o.s.w.s.DispatcherServlet [http-nio-8080-exec-1] Completed initialization in 0 ms
2026-05-06 11:36:17,762 ERROR c.i.b.s.TransactionServiceImpl [http-nio-8080-exec-1] transactionProcess=> 	Invalid TransactionType Inputs
	The inputs must be in "C" and "D"

2026-05-06 11:36:34,717 INFO c.i.b.s.TransactionServiceImpl [http-nio-8080-exec-4] Save Transaction=> Transaction Completed Successfully 
 Account No :A000002 
 Amount : 2000.0
2026-05-06 12:21:28,790 INFO c.i.b.BanktransactionApplication [main] Starting BanktransactionApplication using Java 17.0.1 with PID 15996 (D:\Study\Java\Projects\isolve\BankTransaction\target\classes started by Venkatesh in D:\Study\Java\Projects\isolve\BankTransaction)
2026-05-06 12:21:28,804 INFO c.i.b.BanktransactionApplication [main] No active profile set, falling back to 1 default profile: "default"
2026-05-06 12:21:29,651 INFO o.s.d.r.c.RepositoryConfigurationDelegate [main] Bootstrapping Spring Data JDBC repositories in DEFAULT mode.
2026-05-06 12:21:29,697 INFO o.s.d.r.c.RepositoryConfigurationDelegate [main] Finished Spring Data repository scanning in 34 ms. Found 0 JDBC repository interfaces.
2026-05-06 12:21:30,415 INFO o.s.b.t.TomcatWebServer [main] Tomcat initialized with port 8080 (http)
2026-05-06 12:21:30,513 INFO o.s.b.w.c.s.WebApplicationContextInitializer [main] Root WebApplicationContext: initialization completed in 1640 ms
2026-05-06 12:21:31,766 INFO o.s.b.t.TomcatWebServer [main] Tomcat started on port 8080 (http) with context path '/'
2026-05-06 12:21:31,772 INFO c.i.b.BanktransactionApplication [main] Started BanktransactionApplication in 3.586 seconds (process running for 5.037)
2026-05-06 12:25:47,683 INFO c.i.b.BanktransactionApplication [main] Starting BanktransactionApplication using Java 17.0.1 with PID 11808 (D:\Study\Java\Projects\isolve\BankTransaction\target\classes started by Venkatesh in D:\Study\Java\Projects\isolve\BankTransaction)
2026-05-06 12:25:47,700 INFO c.i.b.BanktransactionApplication [main] No active profile set, falling back to 1 default profile: "default"
2026-05-06 12:25:48,813 INFO o.s.d.r.c.RepositoryConfigurationDelegate [main] Bootstrapping Spring Data JDBC repositories in DEFAULT mode.
2026-05-06 12:25:48,887 INFO o.s.d.r.c.RepositoryConfigurationDelegate [main] Finished Spring Data repository scanning in 60 ms. Found 0 JDBC repository interfaces.
2026-05-06 12:25:49,718 INFO o.s.b.t.TomcatWebServer [main] Tomcat initialized with port 8080 (http)
2026-05-06 12:25:49,848 INFO o.s.b.w.c.s.WebApplicationContextInitializer [main] Root WebApplicationContext: initialization completed in 2078 ms
2026-05-06 12:25:52,259 INFO o.s.b.t.TomcatWebServer [main] Tomcat started on port 8080 (http) with context path '/'
2026-05-06 12:25:52,347 INFO c.i.b.BanktransactionApplication [main] Started BanktransactionApplication in 5.236 seconds (process running for 6.772)
2026-05-06 12:26:06,846 INFO o.s.w.s.DispatcherServlet [http-nio-8080-exec-1] Initializing Servlet 'dispatcherServlet'
2026-05-06 12:26:06,846 INFO o.s.w.s.DispatcherServlet [http-nio-8080-exec-1] Completed initialization in 0 ms
2026-05-06 12:26:07,478 ERROR c.i.b.s.CustomerServiceImpl [http-nio-8080-exec-1] create Customer=> Unable to determine the correct call signature - no procedure/function/signature for 'sp_insertcustomert'
2026-05-06 12:31:11,997 INFO c.i.b.s.TransactionServiceImpl [http-nio-8080-exec-5] Save Transaction=> Transaction Completed Successfully 
 Account No :A000001 
 Amount : 2000.0
2026-05-06 12:31:24,914 INFO c.i.b.s.TransactionServiceImpl [http-nio-8080-exec-6] Save Transaction=> Transaction Completed Successfully 
 Account No :A000001 
 Amount : 1000.0
2026-05-06 12:40:20,176 INFO c.i.b.BanktransactionApplication [main] Starting BanktransactionApplication using Java 17.0.1 with PID 2840 (D:\Study\Java\Projects\isolve\BankTransaction\target\classes started by Venkatesh in D:\Study\Java\Projects\isolve\BankTransaction)
2026-05-06 12:40:20,188 INFO c.i.b.BanktransactionApplication [main] No active profile set, falling back to 1 default profile: "default"
2026-05-06 12:40:21,029 INFO o.s.d.r.c.RepositoryConfigurationDelegate [main] Bootstrapping Spring Data JDBC repositories in DEFAULT mode.
2026-05-06 12:40:21,075 INFO o.s.d.r.c.RepositoryConfigurationDelegate [main] Finished Spring Data repository scanning in 26 ms. Found 0 JDBC repository interfaces.
2026-05-06 12:40:21,753 INFO o.s.b.t.TomcatWebServer [main] Tomcat initialized with port 8081 (http)
2026-05-06 12:40:21,889 INFO o.s.b.w.c.s.WebApplicationContextInitializer [main] Root WebApplicationContext: initialization completed in 1632 ms
2026-05-06 12:40:23,044 INFO o.s.b.t.TomcatWebServer [main] Tomcat started on port 8081 (http) with context path '/'
2026-05-06 12:40:23,050 INFO c.i.b.BanktransactionApplication [main] Started BanktransactionApplication in 3.445 seconds (process running for 4.826)
